This is pdfTeX, Version 3.1415926-2.3-1.40.12 (TeX Live 2011) (format=pdflatex 2011.7.3)  24 AUG 2015 19:34
entering extended mode
 \write18 enabled.
 file:line:error style messages enabled.
 %&-line parsing enabled.
**TechnotePdkSignalOnly.tex
(./TechnotePdkSignalOnly.tex
LaTeX2e <2009/09/24>
Babel <v3.8l> and hyphenation patterns for english, dumylang, nohyphenation, ge
rman-x-2009-06-19, ngerman-x-2009-06-19, afrikaans, ancientgreek, ibycus, arabi
c, armenian, basque, bulgarian, catalan, pinyin, coptic, croatian, czech, danis
h, dutch, ukenglish, usenglishmax, esperanto, estonian, ethiopic, farsi, finnis
h, french, galician, german, ngerman, swissgerman, monogreek, greek, hungarian,
 icelandic, assamese, bengali, gujarati, hindi, kannada, malayalam, marathi, or
iya, panjabi, tamil, telugu, indonesian, interlingua, irish, italian, kurmanji,
 lao, latin, latvian, lithuanian, mongolian, mongolianlmc, bokmal, nynorsk, pol
ish, portuguese, romanian, russian, sanskrit, serbian, serbianc, slovak, sloven
ian, spanish, swedish, turkish, turkmen, ukrainian, uppersorbian, welsh, loaded
.
(/usr/local/texlive/2011/texmf-dist/tex/latex/base/article.cls
Document Class: article 2007/10/19 v1.4h Standard LaTeX document class
(/usr/local/texlive/2011/texmf-dist/tex/latex/base/size10.clo
File: size10.clo 2007/10/19 v1.4h Standard LaTeX file (size option)
)
\c@part=\count79
\c@section=\count80
\c@subsection=\count81
\c@subsubsection=\count82
\c@paragraph=\count83
\c@subparagraph=\count84
\c@figure=\count85
\c@table=\count86
\abovecaptionskip=\skip41
\belowcaptionskip=\skip42
\bibindent=\dimen102
)
(/usr/local/texlive/2011/texmf-dist/tex/latex/graphics/graphicx.sty
Package: graphicx 1999/02/16 v1.0f Enhanced LaTeX Graphics (DPC,SPQR)

(/usr/local/texlive/2011/texmf-dist/tex/latex/graphics/keyval.sty
Package: keyval 1999/03/16 v1.13 key=value parser (DPC)
\KV@toks@=\toks14
)
(/usr/local/texlive/2011/texmf-dist/tex/latex/graphics/graphics.sty
Package: graphics 2009/02/05 v1.0o Standard LaTeX Graphics (DPC,SPQR)

(/usr/local/texlive/2011/texmf-dist/tex/latex/graphics/trig.sty
Package: trig 1999/03/16 v1.09 sin cos tan (DPC)
)
(/usr/local/texlive/2011/texmf-dist/tex/latex/latexconfig/graphics.cfg
File: graphics.cfg 2010/04/23 v1.9 graphics configuration of TeX Live
)
Package graphics Info: Driver file: pdftex.def on input line 91.

(/usr/local/texlive/2011/texmf-dist/tex/latex/pdftex-def/pdftex.def
File: pdftex.def 2011/05/27 v0.06d Graphics/color for pdfTeX

(/usr/local/texlive/2011/texmf-dist/tex/generic/oberdiek/infwarerr.sty
Package: infwarerr 2010/04/08 v1.3 Providing info/warning/message (HO)
)
(/usr/local/texlive/2011/texmf-dist/tex/generic/oberdiek/ltxcmds.sty
Package: ltxcmds 2011/04/18 v1.20 LaTeX kernel commands for general use (HO)
)
\Gread@gobject=\count87
))
\Gin@req@height=\dimen103
\Gin@req@width=\dimen104
)
(/usr/local/texlive/2011/texmf-dist/tex/latex/amsmath/amsmath.sty
Package: amsmath 2000/07/18 v2.13 AMS math features
\@mathmargin=\skip43

For additional information on amsmath, use the `?' option.
(/usr/local/texlive/2011/texmf-dist/tex/latex/amsmath/amstext.sty
Package: amstext 2000/06/29 v2.01

(/usr/local/texlive/2011/texmf-dist/tex/latex/amsmath/amsgen.sty
File: amsgen.sty 1999/11/30 v2.0
\@emptytoks=\toks15
\ex@=\dimen105
))
(/usr/local/texlive/2011/texmf-dist/tex/latex/amsmath/amsbsy.sty
Package: amsbsy 1999/11/29 v1.2d
\pmbraise@=\dimen106
)
(/usr/local/texlive/2011/texmf-dist/tex/latex/amsmath/amsopn.sty
Package: amsopn 1999/12/14 v2.01 operator names
)
\inf@bad=\count88
LaTeX Info: Redefining \frac on input line 211.
\uproot@=\count89
\leftroot@=\count90
LaTeX Info: Redefining \overline on input line 307.
\classnum@=\count91
\DOTSCASE@=\count92
LaTeX Info: Redefining \ldots on input line 379.
LaTeX Info: Redefining \dots on input line 382.
LaTeX Info: Redefining \cdots on input line 467.
\Mathstrutbox@=\box26
\strutbox@=\box27
\big@size=\dimen107
LaTeX Font Info:    Redeclaring font encoding OML on input line 567.
LaTeX Font Info:    Redeclaring font encoding OMS on input line 568.
\macc@depth=\count93
\c@MaxMatrixCols=\count94
\dotsspace@=\muskip10
\c@parentequation=\count95
\dspbrk@lvl=\count96
\tag@help=\toks16
\row@=\count97
\column@=\count98
\maxfields@=\count99
\andhelp@=\toks17
\eqnshift@=\dimen108
\alignsep@=\dimen109
\tagshift@=\dimen110
\tagwidth@=\dimen111
\totwidth@=\dimen112
\lineht@=\dimen113
\@envbody=\toks18
\multlinegap=\skip44
\multlinetaggap=\skip45
\mathdisplay@stack=\toks19
LaTeX Info: Redefining \[ on input line 2666.
LaTeX Info: Redefining \] on input line 2667.
)
(/usr/local/texlive/2011/texmf-dist/tex/latex/appendix/appendix.sty
Package: appendix 2009/09/02 v1.2b extra appendix facilities
\c@@pps=\count100
\c@@ppsavesec=\count101
\c@@ppsaveapp=\count102
)
(/usr/local/texlive/2011/texmf-dist/tex/latex/natbib/natbib.sty
Package: natbib 2010/09/13 8.31b (PWD, AO)
\bibhang=\skip46
\bibsep=\skip47
LaTeX Info: Redefining \cite on input line 694.
\c@NAT@ctr=\count103
)
(/usr/local/texlive/2011/texmf-dist/tex/latex/tools/bm.sty
Package: bm 2004/02/26 v1.1c Bold Symbol Support (DPC/FMi)
\symboldoperators=\mathgroup4
\symboldletters=\mathgroup5
\symboldsymbols=\mathgroup6
LaTeX Font Info:    Redeclaring math alphabet \mathbf on input line 138.
LaTeX Info: Redefining \bm on input line 204.
)
(/usr/local/texlive/2011/texmf-dist/tex/latex/subfig/subfig.sty
Package: subfig 2005/06/28 ver: 1.3 subfig package

(/usr/local/texlive/2011/texmf-dist/tex/latex/caption/caption.sty
Package: caption 2010/01/09 v3.1m Customizing captions (AR)

(/usr/local/texlive/2011/texmf-dist/tex/latex/caption/caption3.sty
Package: caption3 2010/01/14 v3.1m caption3 kernel (AR)
\captionmargin=\dimen114
\captionmargin@=\dimen115
\captionwidth=\dimen116
\caption@indent=\dimen117
\caption@parindent=\dimen118
\caption@hangindent=\dimen119
)
\c@ContinuedFloat=\count104
)
\c@KVtest=\count105
\sf@farskip=\skip48
\sf@captopadj=\dimen120
\sf@capskip=\skip49
\sf@nearskip=\skip50
\c@subfigure=\count106
\c@subfigure@save=\count107
\c@lofdepth=\count108
\c@subtable=\count109
\c@subtable@save=\count110
\c@lotdepth=\count111
\sf@top=\skip51
\sf@bottom=\skip52
)
(/usr/local/texlive/2011/texmf-dist/tex/latex/enumitem/enumitem.sty
Package: enumitem 2009/05/18 v2.2 Customized lists
\enit@toks=\toks20
\labelindent=\skip53
\enit@outerparindent=\dimen121
\enitdp@desc=\count112
)
(/usr/local/texlive/2011/texmf-dist/tex/latex/url/url.sty
\Urlmuskip=\muskip11
Package: url 2006/04/12  ver 3.3  Verb mode for urls, etc.
)
(/usr/local/texlive/2011/texmf-dist/tex/latex/tools/array.sty
Package: array 2008/09/09 v2.4c Tabular extension package (FMi)
\col@sep=\dimen122
\extrarowheight=\dimen123
\NC@list=\toks21
\extratabsurround=\skip54
\backup@length=\skip55
)
(/usr/local/texlive/2011/texmf-dist/tex/latex/arydshln/arydshln.sty
Package: arydshln 2004/08/31 v1.71 
\dashlinedash=\dimen124
\dashlinegap=\dimen125
\adl@box=\box28
\adl@height=\dimen126
\adl@heightsave=\dimen127
\adl@depth=\dimen128
\adl@depthsave=\dimen129
\adl@finaldepth=\dimen130
\adl@columns=\count113
\adl@ncol=\count114
\adl@currentcolumn=\count115
\adl@currentcolumnsave=\count116
\adl@totalheight=\count117
\adl@totalheightsave=\count118
\adl@dash=\count119
\adl@gap=\count120
\adl@cla=\count121
\adl@clb=\count122
\adl@everyvbox=\toks22
\adl@LTpagetotal=\dimen131
)
(/usr/local/texlive/2011/texmf-dist/tex/latex/changepage/changepage.sty
Package: changepage 2009/10/20 v1.0c check page and change page layout
\c@cp@cntr=\count123
\cp@tempcnt=\count124
)
(/usr/local/texlive/2011/texmf-dist/tex/latex/graphics/color.sty
Package: color 2005/11/14 v1.0j Standard LaTeX Color (DPC)

(/usr/local/texlive/2011/texmf-dist/tex/latex/latexconfig/color.cfg
File: color.cfg 2007/01/18 v1.5 color configuration of teTeX/TeXLive
)
Package color Info: Driver file: pdftex.def on input line 130.
)
(/usr/local/texlive/2011/texmf-dist/tex/latex/lipsum/lipsum.sty
Package: lipsum 2011/04/14 v1.2 150 paragraphs of Lorem Ipsum dummy text
\c@lips@count=\count125
)
(/usr/local/texlive/2011/texmf-dist/tex/latex/overpic/overpic.sty
Package: overpic 2010/09/13 v0.53  Overwriting graphics

Package: overpic v0.53 <2010/09/13> (RN)
(/usr/local/texlive/2011/texmf-dist/tex/latex/eepic/epic.sty
Enhancements to Picture Environment. Version 1.2 - Released June 1, 1986
\@@multicnt=\count126
\d@lta=\count127
\@delta=\dimen132
\@@delta=\dimen133
\@gridcnt=\count128
\@joinkind=\count129
\@dotgap=\dimen134
\@ddotgap=\dimen135
\@x@diff=\count130
\@y@diff=\count131
\x@diff=\dimen136
\y@diff=\dimen137
\@dotbox=\box29
\num@segments=\count132
\num@segmentsi=\count133
\@datafile=\read1
)
overpic: relative positioning in percent
)
\offsetpage=\skip56
 (./TechnotePdkSignalOnly.aux

LaTeX Warning: Label `T3' multiply defined.


LaTeX Warning: Label `T3' multiply defined.


LaTeX Warning: Label `T3' multiply defined.


LaTeX Warning: Label `t3' multiply defined.


LaTeX Warning: Label `t3' multiply defined.


LaTeX Warning: Label `t3' multiply defined.

)
\openout1 = `TechnotePdkSignalOnly.aux'.

LaTeX Font Info:    Checking defaults for OML/cmm/m/it on input line 38.
LaTeX Font Info:    ... okay on input line 38.
LaTeX Font Info:    Checking defaults for T1/cmr/m/n on input line 38.
LaTeX Font Info:    ... okay on input line 38.
LaTeX Font Info:    Checking defaults for OT1/cmr/m/n on input line 38.
LaTeX Font Info:    ... okay on input line 38.
LaTeX Font Info:    Checking defaults for OMS/cmsy/m/n on input line 38.
LaTeX Font Info:    ... okay on input line 38.
LaTeX Font Info:    Checking defaults for OMX/cmex/m/n on input line 38.
LaTeX Font Info:    ... okay on input line 38.
LaTeX Font Info:    Checking defaults for U/cmr/m/n on input line 38.
LaTeX Font Info:    ... okay on input line 38.
 (/usr/local/texlive/2011/texmf-dist/tex/context/base/supp-pdf.mkii
[Loading MPS to PDF converter (version 2006.09.02).]
\scratchcounter=\count134
\scratchdimen=\dimen138
\scratchbox=\box30
\nofMPsegments=\count135
\nofMParguments=\count136
\everyMPshowfont=\toks23
\MPscratchCnt=\count137
\MPscratchDim=\dimen139
\MPnumerator=\count138
\makeMPintoPDFobject=\count139
\everyMPtoPDFconversion=\toks24
) (/usr/local/texlive/2011/texmf-dist/tex/generic/oberdiek/pdftexcmds.sty
Package: pdftexcmds 2011/04/22 v0.16 Utilities of pdfTeX for LuaTeX (HO)

(/usr/local/texlive/2011/texmf-dist/tex/generic/oberdiek/ifluatex.sty
Package: ifluatex 2010/03/01 v1.3 Provides the ifluatex switch (HO)
Package ifluatex Info: LuaTeX not detected.
)
(/usr/local/texlive/2011/texmf-dist/tex/generic/oberdiek/ifpdf.sty
Package: ifpdf 2011/01/30 v2.3 Provides the ifpdf switch (HO)
Package ifpdf Info: pdfTeX in PDF mode is detected.
)
Package pdftexcmds Info: LuaTeX not detected.
Package pdftexcmds Info: \pdf@primitive is available.
Package pdftexcmds Info: \pdf@ifprimitive is available.
Package pdftexcmds Info: \pdfdraftmode found.
)
(/usr/local/texlive/2011/texmf-dist/tex/latex/oberdiek/epstopdf-base.sty
Package: epstopdf-base 2010/02/09 v2.5 Base part for package epstopdf

(/usr/local/texlive/2011/texmf-dist/tex/latex/oberdiek/grfext.sty
Package: grfext 2010/08/19 v1.1 Managing graphics extensions (HO)

(/usr/local/texlive/2011/texmf-dist/tex/generic/oberdiek/kvdefinekeys.sty
Package: kvdefinekeys 2011/04/07 v1.3 Defining keys (HO)
))
(/usr/local/texlive/2011/texmf-dist/tex/latex/oberdiek/kvoptions.sty
Package: kvoptions 2010/12/23 v3.10 Keyval support for LaTeX options (HO)

(/usr/local/texlive/2011/texmf-dist/tex/generic/oberdiek/kvsetkeys.sty
Package: kvsetkeys 2011/04/07 v1.13 Key value parser (HO)

(/usr/local/texlive/2011/texmf-dist/tex/generic/oberdiek/etexcmds.sty
Package: etexcmds 2011/02/16 v1.5 Prefix for e-TeX command names (HO)
Package etexcmds Info: Could not find \expanded.
(etexcmds)             That can mean that you are not using pdfTeX 1.50 or
(etexcmds)             that some package has redefined \expanded.
(etexcmds)             In the latter case, load this package earlier.
)))
Package grfext Info: Graphics extension search list:
(grfext)             [.png,.pdf,.jpg,.mps,.jpeg,.jbig2,.jb2,.PNG,.PDF,.JPG,.JPE
G,.JBIG2,.JB2,.eps]
(grfext)             \AppendGraphicsExtensions on input line 452.

(/usr/local/texlive/2011/texmf-dist/tex/latex/latexconfig/epstopdf-sys.cfg
File: epstopdf-sys.cfg 2010/07/13 v1.3 Configuration of (r)epstopdf for TeX Liv
e
))
Package caption Info: Begin \AtBeginDocument code.
Package caption3 Info: subfig package 1.2 or 1.3 is loaded.
LaTeX Info: Redefining \subref on input line 38.
Package caption Info: End \AtBeginDocument code.

(./TechnotePdkSignalOnly.toc)
\tf@toc=\write3
\openout3 = `TechnotePdkSignalOnly.toc'.

 [1

{/usr/local/texlive/2011/texmf-var/fonts/map/pdftex/updmap/pdftex.map}]
Underfull \hbox (badness 10000) in paragraph at lines 78--79

 []


Underfull \hbox (badness 10000) in paragraph at lines 88--89

 []

[2]
Underfull \hbox (badness 10000) in paragraph at lines 94--103

 []


Underfull \hbox (badness 10000) in paragraph at lines 108--116

 []

[3] [4]

LaTeX Warning: Reference `PDFgamma' on page 5 undefined on input line 208.

[5] <pMuGamma/MuonMCEn.png, id=34, 600.2425pt x 577.15625pt>
File: pMuGamma/MuonMCEn.png Graphic file (type png)

<use pMuGamma/MuonMCEn.png>
Package pdftex.def Info: pMuGamma/MuonMCEn.png used on input line 247.
(pdftex.def)             Requested size: 216.81pt x 208.47182pt.

Overfull \hbox (4.64882pt too wide) in paragraph at lines 247--248
 [][] 
 []

<pMuGamma/GammaMCEn.png, id=35, 600.2425pt x 577.15625pt>
File: pMuGamma/GammaMCEn.png Graphic file (type png)

<use pMuGamma/GammaMCEn.png>
Package pdftex.def Info: pMuGamma/GammaMCEn.png used on input line 253.
(pdftex.def)             Requested size: 216.81pt x 208.47182pt.

Overfull \hbox (4.64882pt too wide) in paragraph at lines 253--254
 [][] 
 []

<pMuGamma/ProtonMCEn.png, id=36, 600.2425pt x 577.15625pt>
File: pMuGamma/ProtonMCEn.png Graphic file (type png)

<use pMuGamma/ProtonMCEn.png>
Package pdftex.def Info: pMuGamma/ProtonMCEn.png used on input line 263.
(pdftex.def)             Requested size: 289.07999pt x 277.96535pt.

<pMuGamma/MuonSame.png, id=37, 600.2425pt x 577.15625pt>
File: pMuGamma/MuonSame.png Graphic file (type png)

<use pMuGamma/MuonSame.png>
Package pdftex.def Info: pMuGamma/MuonSame.png used on input line 274.
(pdftex.def)             Requested size: 216.81pt x 208.47182pt.

Overfull \hbox (4.64882pt too wide) in paragraph at lines 274--275
 [][] 
 []

<pMuGamma/GammaSame.png, id=38, 600.2425pt x 577.15625pt>
File: pMuGamma/GammaSame.png Graphic file (type png)

<use pMuGamma/GammaSame.png>
Package pdftex.def Info: pMuGamma/GammaSame.png used on input line 280.
(pdftex.def)             Requested size: 216.81pt x 208.47182pt.

Overfull \hbox (4.64882pt too wide) in paragraph at lines 280--281
 [][] 
 []

<pMuGamma/ProtonSameNoCut.png, id=39, 600.2425pt x 577.15625pt>
File: pMuGamma/ProtonSameNoCut.png Graphic file (type png)

<use pMuGamma/ProtonSameNoCut.png>
Package pdftex.def Info: pMuGamma/ProtonSameNoCut.png used on input line 292.
(pdftex.def)             Requested size: 216.81pt x 208.47182pt.

Overfull \hbox (4.64882pt too wide) in paragraph at lines 292--293
 [][] 
 []


Underfull \hbox (badness 4072) in paragraph at lines 293--293
[]\OT1/cmr/m/n/10 Figure 6: |Can-di-date de-posited en-ergy at
 []

<pMuGamma/ProtonSameGeo.png, id=40, 600.2425pt x 577.15625pt>
File: pMuGamma/ProtonSameGeo.png Graphic file (type png)

<use pMuGamma/ProtonSameGeo.png>
Package pdftex.def Info: pMuGamma/ProtonSameGeo.png used on input line 298.
(pdftex.def)             Requested size: 216.81pt x 208.47182pt.

Overfull \hbox (4.64882pt too wide) in paragraph at lines 298--299
 [][] 
 []


Underfull \hbox (badness 4072) in paragraph at lines 299--299
[]\OT1/cmr/m/n/10 Figure 7: |Can-di-date de-posited en-ergy at
 []

<pMuGamma/ProtonSameGeoAndEn.png, id=41, 600.2425pt x 577.15625pt>
File: pMuGamma/ProtonSameGeoAndEn.png Graphic file (type png)

<use pMuGamma/ProtonSameGeoAndEn.png>
Package pdftex.def Info: pMuGamma/ProtonSameGeoAndEn.png used on input line 304
.
(pdftex.def)             Requested size: 216.81pt x 208.47182pt.

Overfull \hbox (4.64882pt too wide) in paragraph at lines 304--305
 [][] 
 []


Underfull \hbox (badness 4072) in paragraph at lines 305--305
[]\OT1/cmr/m/n/10 Figure 8: |Can-di-date de-posited en-ergy at
 []

[6] [7 <./pMuGamma/MuonMCEn.png> <./pMuGamma/GammaMCEn.png> <./pMuGamma/ProtonM
CEn.png>] [8 <./pMuGamma/MuonSame.png> <./pMuGamma/GammaSame.png>] [9 <./pMuGam
ma/ProtonSameNoCut.png> <./pMuGamma/ProtonSameGeo.png> <./pMuGamma/ProtonSameGe
oAndEn.png>] [10

] [11]
<pPi0E/e_eplus_postcutcomp.pdf, id=64, 569.12625pt x 546.04pt>
File: pPi0E/e_eplus_postcutcomp.pdf Graphic file (type pdf)

<use pPi0E/e_eplus_postcutcomp.pdf>
Package pdftex.def Info: pPi0E/e_eplus_postcutcomp.pdf used on input line 438.
(pdftex.def)             Requested size: 289.07999pt x 277.36858pt.

<pPi0E/e_pion_postcutcomp.pdf, id=65, 569.12625pt x 546.04pt>
File: pPi0E/e_pion_postcutcomp.pdf Graphic file (type pdf)

<use pPi0E/e_pion_postcutcomp.pdf>
Package pdftex.def Info: pPi0E/e_pion_postcutcomp.pdf used on input line 446.
(pdftex.def)             Requested size: 289.07999pt x 277.36858pt.

<pPi0E/e_proton_postcutcomp.pdf, id=66, 569.12625pt x 546.04pt>
File: pPi0E/e_proton_postcutcomp.pdf Graphic file (type pdf)

<use pPi0E/e_proton_postcutcomp.pdf>
Package pdftex.def Info: pPi0E/e_proton_postcutcomp.pdf used on input line 454.

(pdftex.def)             Requested size: 289.07999pt x 277.36858pt.
 (./TechnotePdkSignalOnly.bbl [12])
Underfull \hbox (badness 10000) in paragraph at lines 481--482

 []


Underfull \hbox (badness 10000) in paragraph at lines 483--484

 []


Underfull \hbox (badness 10000) in paragraph at lines 485--486

 []


Overfull \hbox (12.96854pt too wide) in paragraph at lines 526--527
[]\OT1/cmr/m/n/10 Reco sig-nal: $\OT1/cmtt/m/n/10 /pnfs / uboone / scratch / us
ers / elenag / v04 _ 12 _ 00 / Mode0 / reco2 / prod _ NdK / * _ * / larlite _
 []

[13] [14] [15 <./pPi0E/e_eplus_postcutcomp.pdf, page is rotated 90 degrees> <./
pPi0E/e_pion_postcutcomp.pdf, page is rotated 90 degrees>] [16 <./pPi0E/e_proto
n_postcutcomp.pdf, page is rotated 90 degrees>] (./TechnotePdkSignalOnly.aux)

LaTeX Warning: There were undefined references.


LaTeX Warning: There were multiply-defined labels.

 ) 
Here is how much of TeX's memory you used:
 4655 strings out of 493633
 67687 string characters out of 3143378
 232168 words of memory out of 3000000
 7849 multiletter control sequences out of 15000+200000
 19885 words of font info for 70 fonts, out of 3000000 for 9000
 831 hyphenation exceptions out of 8191
 44i,11n,42p,1395b,350s stack positions out of 5000i,500n,10000p,200000b,50000s
</usr/local/texlive/2011/texmf-dist/fonts/type1/public/amsfonts/cm/cmbx10.pfb
></usr/local/texlive/2011/texmf-dist/fonts/type1/public/amsfonts/cm/cmbx12.pfb>
</usr/local/texlive/2011/texmf-dist/fonts/type1/public/amsfonts/cm/cmbx9.pfb></
usr/local/texlive/2011/texmf-dist/fonts/type1/public/amsfonts/cm/cmex10.pfb></u
sr/local/texlive/2011/texmf-dist/fonts/type1/public/amsfonts/cm/cmitt10.pfb></u
sr/local/texlive/2011/texmf-dist/fonts/type1/public/amsfonts/cm/cmmi10.pfb></us
r/local/texlive/2011/texmf-dist/fonts/type1/public/amsfonts/cm/cmmi12.pfb></usr
/local/texlive/2011/texmf-dist/fonts/type1/public/amsfonts/cm/cmmi5.pfb></usr/l
ocal/texlive/2011/texmf-dist/fonts/type1/public/amsfonts/cm/cmmi7.pfb></usr/loc
al/texlive/2011/texmf-dist/fonts/type1/public/amsfonts/cm/cmmi9.pfb></usr/local
/texlive/2011/texmf-dist/fonts/type1/public/amsfonts/cm/cmr10.pfb></usr/local/t
exlive/2011/texmf-dist/fonts/type1/public/amsfonts/cm/cmr12.pfb></usr/local/tex
live/2011/texmf-dist/fonts/type1/public/amsfonts/cm/cmr17.pfb></usr/local/texli
ve/2011/texmf-dist/fonts/type1/public/amsfonts/cm/cmr5.pfb></usr/local/texlive/
2011/texmf-dist/fonts/type1/public/amsfonts/cm/cmr6.pfb></usr/local/texlive/201
1/texmf-dist/fonts/type1/public/amsfonts/cm/cmr7.pfb></usr/local/texlive/2011/t
exmf-dist/fonts/type1/public/amsfonts/cm/cmr8.pfb></usr/local/texlive/2011/texm
f-dist/fonts/type1/public/amsfonts/cm/cmr9.pfb></usr/local/texlive/2011/texmf-d
ist/fonts/type1/public/amsfonts/cm/cmsy10.pfb></usr/local/texlive/2011/texmf-di
st/fonts/type1/public/amsfonts/cm/cmsy7.pfb></usr/local/texlive/2011/texmf-dist
/fonts/type1/public/amsfonts/cm/cmsy9.pfb></usr/local/texlive/2011/texmf-dist/f
onts/type1/public/amsfonts/cm/cmti10.pfb></usr/local/texlive/2011/texmf-dist/fo
nts/type1/public/amsfonts/cm/cmtt10.pfb>
Output written on TechnotePdkSignalOnly.pdf (16 pages, 479385 bytes).
PDF statistics:
 289 PDF objects out of 1000 (max. 8388607)
 160 compressed objects within 2 object streams
 0 named destinations out of 1000 (max. 500000)
 56 words of extra memory for PDF output out of 10000 (max. 10000000)

